# JRE version: OpenJDK Runtime Environment (8.0_152-b01) (build 1.8.0_152-release-1248-b01)
# Java VM: OpenJDK 64-Bit Server VM (25.152-b01 mixed mode linux-amd64 compressed oops)
Heap:
 PSYoungGen      total 411136K, used 8292K [0x00000000e0000000, 0x00000000fb500000, 0x0000000100000000)
  eden space 379904K, 0% used [0x00000000e0000000,0x00000000e0000000,0x00000000f7300000)
  from space 31232K, 26% used [0x00000000f7300000,0x00000000f7b192b8,0x00000000f9180000)
  to   space 33280K, 0% used [0x00000000f9180000,0x00000000f9180000,0x00000000fb200000)
 ParOldGen       total 147968K, used 51450K [0x00000000a0000000, 0x00000000a9080000, 0x00000000e0000000)
  object space 147968K, 34% used [0x00000000a0000000,0x00000000a323eaf0,0x00000000a9080000)
 Metaspace       used 89649K, capacity 92946K, committed 93056K, reserved 1130496K
  class space    used 11156K, capacity 11853K, committed 11904K, reserved 1048576K
GC Heap History (10 events):
Event: 716,170 GC heap after
Heap after GC invocations=27 (full 5):
 PSYoungGen      total 342016K, used 128K [0x00000000e0000000, 0x00000000f7580000, 0x0000000100000000)
  eden space 306688K, 0% used [0x00000000e0000000,0x00000000e0000000,0x00000000f2b80000)
  from space 35328K, 0% used [0x00000000f5300000,0x00000000f5320000,0x00000000f7580000)
  to   space 37888K, 0% used [0x00000000f2b80000,0x00000000f2b80000,0x00000000f5080000)
 ParOldGen       total 147968K, used 51418K [0x00000000a0000000, 0x00000000a9080000, 0x00000000e0000000)
  object space 147968K, 34% used [0x00000000a0000000,0x00000000a3236af0,0x00000000a9080000)
 Metaspace       used 86608K, capacity 89476K, committed 89728K, reserved 1128448K
  class space    used 10953K, capacity 11590K, committed 11648K, reserved 1048576K
}
Event: 858,834 GC heap before
{Heap before GC invocations=28 (full 5):
 PSYoungGen      total 342016K, used 305800K [0x00000000e0000000, 0x00000000f7580000, 0x0000000100000000)
  eden space 306688K, 99% used [0x00000000e0000000,0x00000000f2a82068,0x00000000f2b80000)
  from space 35328K, 0% used [0x00000000f5300000,0x00000000f5320000,0x00000000f7580000)
  to   space 37888K, 0% used [0x00000000f2b80000,0x00000000f2b80000,0x00000000f5080000)
 ParOldGen       total 147968K, used 51418K [0x00000000a0000000, 0x00000000a9080000, 0x00000000e0000000)
  object space 147968K, 34% used [0x00000000a0000000,0x00000000a3236af0,0x00000000a9080000)
 Metaspace       used 87138K, capacity 90178K, committed 90240K, reserved 1128448K
  class space    used 10988K, capacity 11647K, committed 11648K, reserved 1048576K
Event: 858,899 GC heap after
Heap after GC invocations=28 (full 5):
 PSYoungGen      total 344576K, used 5481K [0x00000000e0000000, 0x00000000f9480000, 0x0000000100000000)
  eden space 306688K, 0% used [0x00000000e0000000,0x00000000e0000000,0x00000000f2b80000)
  from space 37888K, 14% used [0x00000000f2b80000,0x00000000f30da460,0x00000000f5080000)
  to   space 36352K, 0% used [0x00000000f7100000,0x00000000f7100000,0x00000000f9480000)
 ParOldGen       total 147968K, used 51426K [0x00000000a0000000, 0x00000000a9080000, 0x00000000e0000000)
  object space 147968K, 34% used [0x00000000a0000000,0x00000000a3238af0,0x00000000a9080000)
 Metaspace       used 87138K, capacity 90178K, committed 90240K, reserved 1128448K
  class space    used 10988K, capacity 11647K, committed 11648K, reserved 1048576K
}
Event: 859,656 GC heap before
{Heap before GC invocations=29 (full 5):
 PSYoungGen      total 344576K, used 312169K [0x00000000e0000000, 0x00000000f9480000, 0x0000000100000000)
  eden space 306688K, 100% used [0x00000000e0000000,0x00000000f2b80000,0x00000000f2b80000)
  from space 37888K, 14% used [0x00000000f2b80000,0x00000000f30da460,0x00000000f5080000)
  to   space 36352K, 0% used [0x00000000f7100000,0x00000000f7100000,0x00000000f9480000)
 ParOldGen       total 147968K, used 51426K [0x00000000a0000000, 0x00000000a9080000, 0x00000000e0000000)
  object space 147968K, 34% used [0x00000000a0000000,0x00000000a3238af0,0x00000000a9080000)
 Metaspace       used 87189K, capacity 90184K, committed 90240K, reserved 1128448K
  class space    used 10994K, capacity 11648K, committed 11648K, reserved 1048576K
Event: 859,668 GC heap after
Heap after GC invocations=29 (full 5):
 PSYoungGen      total 378880K, used 4155K [0x00000000e0000000, 0x00000000f9c00000, 0x0000000100000000)
  eden space 342528K, 0% used [0x00000000e0000000,0x00000000e0000000,0x00000000f4e80000)
  from space 36352K, 11% used [0x00000000f7100000,0x00000000f750ecb0,0x00000000f9480000)
  to   space 35328K, 0% used [0x00000000f4e80000,0x00000000f4e80000,0x00000000f7100000)
 ParOldGen       total 147968K, used 51434K [0x00000000a0000000, 0x00000000a9080000, 0x00000000e0000000)
  object space 147968K, 34% used [0x00000000a0000000,0x00000000a323aaf0,0x00000000a9080000)
 Metaspace       used 87189K, capacity 90184K, committed 90240K, reserved 1128448K
  class space    used 10994K, capacity 11648K, committed 11648K, reserved 1048576K
}
Event: 866,622 GC heap before
{Heap before GC invocations=30 (full 5):
 PSYoungGen      total 378880K, used 346683K [0x00000000e0000000, 0x00000000f9c00000, 0x0000000100000000)
  eden space 342528K, 100% used [0x00000000e0000000,0x00000000f4e80000,0x00000000f4e80000)
  from space 36352K, 11% used [0x00000000f7100000,0x00000000f750ecb0,0x00000000f9480000)
  to   space 35328K, 0% used [0x00000000f4e80000,0x00000000f4e80000,0x00000000f7100000)
 ParOldGen       total 147968K, used 51434K [0x00000000a0000000, 0x00000000a9080000, 0x00000000e0000000)
  object space 147968K, 34% used [0x00000000a0000000,0x00000000a323aaf0,0x00000000a9080000)
 Metaspace       used 89080K, capacity 92340K, committed 92544K, reserved 1130496K
  class space    used 11152K, capacity 11848K, committed 11904K, reserved 1048576K
Event: 866,660 GC heap after
Heap after GC invocations=30 (full 5):
 PSYoungGen      total 377856K, used 11714K [0x00000000e0000000, 0x00000000fb200000, 0x0000000100000000)
  eden space 342528K, 0% used [0x00000000e0000000,0x00000000e0000000,0x00000000f4e80000)
  from space 35328K, 33% used [0x00000000f4e80000,0x00000000f59f0858,0x00000000f7100000)
  to   space 33280K, 0% used [0x00000000f9180000,0x00000000f9180000,0x00000000fb200000)
 ParOldGen       total 147968K, used 51442K [0x00000000a0000000, 0x00000000a9080000, 0x00000000e0000000)
  object space 147968K, 34% used [0x00000000a0000000,0x00000000a323caf0,0x00000000a9080000)
 Metaspace       used 89080K, capacity 92340K, committed 92544K, reserved 1130496K
  class space    used 11152K, capacity 11848K, committed 11904K, reserved 1048576K
}
Event: 868,731 GC heap before
{Heap before GC invocations=31 (full 5):
 PSYoungGen      total 377856K, used 354242K [0x00000000e0000000, 0x00000000fb200000, 0x0000000100000000)
  eden space 342528K, 100% used [0x00000000e0000000,0x00000000f4e80000,0x00000000f4e80000)
  from space 35328K, 33% used [0x00000000f4e80000,0x00000000f59f0858,0x00000000f7100000)
  to   space 33280K, 0% used [0x00000000f9180000,0x00000000f9180000,0x00000000fb200000)
 ParOldGen       total 147968K, used 51442K [0x00000000a0000000, 0x00000000a9080000, 0x00000000e0000000)
  object space 147968K, 34% used [0x00000000a0000000,0x00000000a323caf0,0x00000000a9080000)
 Metaspace       used 89508K, capacity 92794K, committed 93056K, reserved 1130496K
  class space    used 11156K, capacity 11853K, committed 11904K, reserved 1048576K
Event: 868,769 GC heap after
Heap after GC invocations=31 (full 5):
 PSYoungGen      total 413184K, used 10558K [0x00000000e0000000, 0x00000000fb500000, 0x0000000100000000)
  eden space 379904K, 0% used [0x00000000e0000000,0x00000000e0000000,0x00000000f7300000)
  from space 33280K, 31% used [0x00000000f9180000,0x00000000f9bcf858,0x00000000fb200000)
  to   space 31232K, 0% used [0x00000000f7300000,0x00000000f7300000,0x00000000f9180000)
 ParOldGen       total 147968K, used 51442K [0x00000000a0000000, 0x00000000a9080000, 0x00000000e0000000)
  object space 147968K, 34% used [0x00000000a0000000,0x00000000a323caf0,0x00000000a9080000)
 Metaspace       used 89508K, capacity 92794K, committed 93056K, reserved 1130496K
  class space    used 11156K, capacity 11853K, committed 11904K, reserved 1048576K
}
Event: 870,489 GC heap before
{Heap before GC invocations=32 (full 5):
 PSYoungGen      total 413184K, used 390462K [0x00000000e0000000, 0x00000000fb500000, 0x0000000100000000)
  eden space 379904K, 100% used [0x00000000e0000000,0x00000000f7300000,0x00000000f7300000)
  from space 33280K, 31% used [0x00000000f9180000,0x00000000f9bcf858,0x00000000fb200000)
  to   space 31232K, 0% used [0x00000000f7300000,0x00000000f7300000,0x00000000f9180000)
 ParOldGen       total 147968K, used 51442K [0x00000000a0000000, 0x00000000a9080000, 0x00000000e0000000)
  object space 147968K, 34% used [0x00000000a0000000,0x00000000a323caf0,0x00000000a9080000)
 Metaspace       used 89649K, capacity 92946K, committed 93056K, reserved 1130496K
  class space    used 11156K, capacity 11853K, committed 11904K, reserved 1048576K

